

Processing ApplicationController#index (for 127.0.0.1 at 2008-04-16 09:56:54) [GET]
  Session ID: 256ace6d6889bab840f30ba707023c76
  Parameters: {}


ActionController::RoutingError (No route matches "/admin" with {:method=>:get}):
    /home/lrbabe/.aptana/plugins/org.jruby_1.1.0.5965_RC2p2/lib/ruby/gems/1.8/gems/actionpack-2.0.2/lib/action_controller/routing.rb:1441:in `recognize_path'
    /home/lrbabe/.aptana/plugins/org.jruby_1.1.0.5965_RC2p2/lib/ruby/gems/1.8/gems/actionpack-2.0.2/lib/action_controller/routing.rb:1434:in `recognize'
    /home/lrbabe/.aptana/plugins/org.jruby_1.1.0.5965_RC2p2/lib/ruby/gems/1.8/gems/actionpack-2.0.2/lib/action_controller/dispatcher.rb:170:in `handle_request'
    /home/lrbabe/.aptana/plugins/org.jruby_1.1.0.5965_RC2p2/lib/ruby/gems/1.8/gems/actionpack-2.0.2/lib/action_controller/dispatcher.rb:115:in `dispatch'
    /home/lrbabe/.aptana/plugins/org.jruby_1.1.0.5965_RC2p2/lib/ruby/gems/1.8/gems/actionpack-2.0.2/lib/action_controller/dispatcher.rb:126:in `dispatch_cgi'
    /home/lrbabe/.aptana/plugins/org.jruby_1.1.0.5965_RC2p2/lib/ruby/gems/1.8/gems/actionpack-2.0.2/lib/action_controller/dispatcher.rb:9:in `dispatch'
    /home/lrbabe/.aptana/plugins/org.jruby_1.1.0.5965_RC2p2/lib/ruby/gems/1.8/gems/mongrel-1.1.2-java/bin/../lib/mongrel/rails.rb:76:in `process'
    /home/lrbabe/.aptana/plugins/org.jruby_1.1.0.5965_RC2p2/lib/ruby/gems/1.8/gems/mongrel-1.1.2-java/bin/../lib/mongrel/rails.rb:74:in `synchronize'
    /home/lrbabe/.aptana/plugins/org.jruby_1.1.0.5965_RC2p2/lib/ruby/gems/1.8/gems/mongrel-1.1.2-java/bin/../lib/mongrel/rails.rb:74:in `process'
    /home/lrbabe/.aptana/plugins/org.jruby_1.1.0.5965_RC2p2/lib/ruby/gems/1.8/gems/mongrel-1.1.2-java/bin/../lib/mongrel/rails.rb:74:in `process_client'
    /home/lrbabe/.aptana/plugins/org.jruby_1.1.0.5965_RC2p2/lib/ruby/gems/1.8/gems/mongrel-1.1.2-java/lib/mongrel.rb:158:in `each'
    /home/lrbabe/.aptana/plugins/org.jruby_1.1.0.5965_RC2p2/lib/ruby/gems/1.8/gems/mongrel-1.1.2-java/lib/mongrel.rb:158:in `process_client'
    /home/lrbabe/.aptana/plugins/org.jruby_1.1.0.5965_RC2p2/lib/ruby/gems/1.8/gems/mongrel-1.1.2-java/lib/mongrel.rb:158:in `run'
    /home/lrbabe/.aptana/plugins/org.jruby_1.1.0.5965_RC2p2/lib/ruby/gems/1.8/gems/mongrel-1.1.2-java/lib/mongrel.rb:285:in `initialize'

Rendering /home/lrbabe/.aptana/plugins/org.jruby_1.1.0.5965_RC2p2/lib/ruby/gems/1.8/gems/actionpack-2.0.2/lib/action_controller/templates/rescues/layout.erb (not_found)
  [4;36;1mSQL (0.030364)[0m   [0;1mCREATE TABLE schema_info (version integer)[0m
  [4;35;1mSQL (0.029360)[0m   [0mINSERT INTO schema_info (version) VALUES(0)[0m
  [4;36;1mSQL (0.000000)[0m   [0;1mActiveRecord::ActiveRecordError: DERBY SQL error: SQLCODE: -1, SQLSTATE: X0Y32, SQLERRMC: Table/ViewSCHEMA_INFOSchemaAPPX0Y32.S: CREATE TABLE schema_info (version integer)[0m
  [4;35;1mSQL (0.255592)[0m   [0mSELECT version FROM schema_info[0m
Migrating to CreateUsers (1)
  [4;36;1mSQL (0.078342)[0m   [0;1mCREATE TABLE users (id int generated by default as identity NOT NULL PRIMARY KEY, firstname varchar(256) DEFAULT NULL, lastname varchar(256) DEFAULT NULL, created_at timestamp DEFAULT NULL, updated_at timestamp DEFAULT NULL) [0m
  [4;35;1mSQL (0.014892)[0m   [0mUPDATE schema_info SET version = 1[0m
  [4;36;1mSQL (0.023740)[0m   [0;1mSELECT * FROM schema_info[0m


Processing ApplicationController#index (for 127.0.0.1 at 2008-04-16 10:38:50) [GET]
  Session ID: BAh7BiIKZmxhc2hJQzonQWN0aW9uQ29udHJvbGxlcjo6Rmxhc2g6OkZsYXNo%0ASGFzaHsABjoKQHVzZWR7AA%3D%3D--b2b3adb042bf2084fe7684c4715ad41964f60dfe
  Parameters: {}


ActionController::RoutingError (No route matches "/User" with {:method=>:get}):
    /home/lrbabe/.aptana/plugins/org.jruby_1.1.0.5965_RC2p2/lib/ruby/gems/1.8/gems/actionpack-2.0.2/lib/action_controller/routing.rb:1441:in `recognize_path'
    /home/lrbabe/.aptana/plugins/org.jruby_1.1.0.5965_RC2p2/lib/ruby/gems/1.8/gems/actionpack-2.0.2/lib/action_controller/routing.rb:1434:in `recognize'
    /home/lrbabe/.aptana/plugins/org.jruby_1.1.0.5965_RC2p2/lib/ruby/gems/1.8/gems/actionpack-2.0.2/lib/action_controller/dispatcher.rb:170:in `handle_request'
    /home/lrbabe/.aptana/plugins/org.jruby_1.1.0.5965_RC2p2/lib/ruby/gems/1.8/gems/actionpack-2.0.2/lib/action_controller/dispatcher.rb:115:in `dispatch'
    /home/lrbabe/.aptana/plugins/org.jruby_1.1.0.5965_RC2p2/lib/ruby/gems/1.8/gems/actionpack-2.0.2/lib/action_controller/dispatcher.rb:126:in `dispatch_cgi'
    /home/lrbabe/.aptana/plugins/org.jruby_1.1.0.5965_RC2p2/lib/ruby/gems/1.8/gems/actionpack-2.0.2/lib/action_controller/dispatcher.rb:9:in `dispatch'
    /home/lrbabe/.aptana/plugins/org.jruby_1.1.0.5965_RC2p2/lib/ruby/gems/1.8/gems/mongrel-1.1.2-java/bin/../lib/mongrel/rails.rb:76:in `process'
    /home/lrbabe/.aptana/plugins/org.jruby_1.1.0.5965_RC2p2/lib/ruby/gems/1.8/gems/mongrel-1.1.2-java/bin/../lib/mongrel/rails.rb:74:in `synchronize'
    /home/lrbabe/.aptana/plugins/org.jruby_1.1.0.5965_RC2p2/lib/ruby/gems/1.8/gems/mongrel-1.1.2-java/bin/../lib/mongrel/rails.rb:74:in `process'
    /home/lrbabe/.aptana/plugins/org.jruby_1.1.0.5965_RC2p2/lib/ruby/gems/1.8/gems/mongrel-1.1.2-java/bin/../lib/mongrel/rails.rb:74:in `process_client'
    /home/lrbabe/.aptana/plugins/org.jruby_1.1.0.5965_RC2p2/lib/ruby/gems/1.8/gems/mongrel-1.1.2-java/lib/mongrel.rb:158:in `each'
    /home/lrbabe/.aptana/plugins/org.jruby_1.1.0.5965_RC2p2/lib/ruby/gems/1.8/gems/mongrel-1.1.2-java/lib/mongrel.rb:158:in `process_client'
    /home/lrbabe/.aptana/plugins/org.jruby_1.1.0.5965_RC2p2/lib/ruby/gems/1.8/gems/mongrel-1.1.2-java/lib/mongrel.rb:158:in `run'
    /home/lrbabe/.aptana/plugins/org.jruby_1.1.0.5965_RC2p2/lib/ruby/gems/1.8/gems/mongrel-1.1.2-java/lib/mongrel.rb:285:in `initialize'

Rendering /home/lrbabe/.aptana/plugins/org.jruby_1.1.0.5965_RC2p2/lib/ruby/gems/1.8/gems/actionpack-2.0.2/lib/action_controller/templates/rescues/layout.erb (not_found)


Processing UsersController#index (for 127.0.0.1 at 2008-04-16 10:38:53) [GET]
  Session ID: BAh7BiIKZmxhc2hJQzonQWN0aW9uQ29udHJvbGxlcjo6Rmxhc2g6OkZsYXNo%0ASGFzaHsABjoKQHVzZWR7AA%3D%3D--b2b3adb042bf2084fe7684c4715ad41964f60dfe
  Parameters: {"controller"=>"users", "action"=>"index"}


Processing UsersController#index (for 127.0.0.1 at 2008-04-16 10:38:53) [GET]
  Session ID: BAh7BiIKZmxhc2hJQzonQWN0aW9uQ29udHJvbGxlcjo6Rmxhc2g6OkZsYXNo%0ASGFzaHsABjoKQHVzZWR7AA%3D%3D--b2b3adb042bf2084fe7684c4715ad41964f60dfe
  Parameters: {"controller"=>"users", "action"=>"index"}


MissingSourceFile (no such file to load -- sqlite3):
    /home/lrbabe/.aptana/plugins/org.jruby_1.1.0.5965_RC2p2/lib/ruby/site_ruby/1.8/rubygems/custom_require.rb:27:in `require'
    /home/lrbabe/.aptana/plugins/org.jruby_1.1.0.5965_RC2p2/lib/ruby/gems/1.8/gems/activesupport-2.0.2/lib/active_support/dependencies.rb:496:in `new_constants_in'
    /home/lrbabe/.aptana/plugins/org.jruby_1.1.0.5965_RC2p2/lib/ruby/gems/1.8/gems/activesupport-2.0.2/lib/active_support/dependencies.rb:318:in `require'
    /home/lrbabe/.aptana/plugins/org.jruby_1.1.0.5965_RC2p2/lib/ruby/gems/1.8/gems/activesupport-2.0.2/lib/active_support/dependencies.rb:496:in `require_library_or_gem'
    /home/lrbabe/.aptana/plugins/org.jruby_1.1.0.5965_RC2p2/lib/ruby/gems/1.8/gems/activesupport-2.0.2/lib/active_support/core_ext/kernel/requires.rb:5:in `silence_warnings'
    /home/lrbabe/.aptana/plugins/org.jruby_1.1.0.5965_RC2p2/lib/ruby/gems/1.8/gems/activesupport-2.0.2/lib/active_support/core_ext/kernel/requires.rb:5:in `require_library_or_gem'
    /home/lrbabe/.aptana/plugins/org.jruby_1.1.0.5965_RC2p2/lib/ruby/gems/1.8/gems/activesupport-2.0.2/lib/active_support/core_ext/kernel/requires.rb:5:in `sqlite3_connection'
    /home/lrbabe/.aptana/plugins/org.jruby_1.1.0.5965_RC2p2/lib/ruby/gems/1.8/gems/activerecord-2.0.2/lib/active_record/connection_adapters/abstract/connection_specification.rb:291:in `connection='
    /home/lrbabe/.aptana/plugins/org.jruby_1.1.0.5965_RC2p2/lib/ruby/gems/1.8/gems/activerecord-2.0.2/lib/active_record/connection_adapters/abstract/connection_specification.rb:259:in `retrieve_connection'
    /home/lrbabe/.aptana/plugins/org.jruby_1.1.0.5965_RC2p2/lib/ruby/gems/1.8/gems/activerecord-2.0.2/lib/active_record/connection_adapters/abstract/connection_specification.rb:78:in `connection'
    /home/lrbabe/.aptana/plugins/org.jruby_1.1.0.5965_RC2p2/lib/ruby/gems/1.8/gems/activerecord-2.0.2/lib/active_record/query_cache.rb:8:in `cache'
    /home/lrbabe/.aptana/plugins/org.jruby_1.1.0.5965_RC2p2/lib/ruby/gems/1.8/gems/actionpack-2.0.2/lib/action_controller/caching.rb:677:in `perform_action_with_caching'
    /home/lrbabe/.aptana/plugins/org.jruby_1.1.0.5965_RC2p2/lib/ruby/gems/1.8/gems/actionpack-2.0.2/lib/action_controller/caching.rb:677:in `process'
    /home/lrbabe/.aptana/plugins/org.jruby_1.1.0.5965_RC2p2/lib/ruby/gems/1.8/gems/actionpack-2.0.2/lib/action_controller/filters.rb:685:in `process_with_filters'
    /home/lrbabe/.aptana/plugins/org.jruby_1.1.0.5965_RC2p2/lib/ruby/gems/1.8/gems/actionpack-2.0.2/lib/action_controller/session_management.rb:123:in `process_with_session_management_support'
    /home/lrbabe/.aptana/plugins/org.jruby_1.1.0.5965_RC2p2/lib/ruby/gems/1.8/gems/actionpack-2.0.2/lib/action_controller/base.rb:388:in `process'
    /home/lrbabe/.aptana/plugins/org.jruby_1.1.0.5965_RC2p2/lib/ruby/gems/1.8/gems/actionpack-2.0.2/lib/action_controller/dispatcher.rb:171:in `handle_request'
    /home/lrbabe/.aptana/plugins/org.jruby_1.1.0.5965_RC2p2/lib/ruby/gems/1.8/gems/actionpack-2.0.2/lib/action_controller/dispatcher.rb:115:in `dispatch'
    /home/lrbabe/.aptana/plugins/org.jruby_1.1.0.5965_RC2p2/lib/ruby/gems/1.8/gems/actionpack-2.0.2/lib/action_controller/dispatcher.rb:126:in `dispatch_cgi'
    /home/lrbabe/.aptana/plugins/org.jruby_1.1.0.5965_RC2p2/lib/ruby/gems/1.8/gems/actionpack-2.0.2/lib/action_controller/dispatcher.rb:9:in `dispatch'
    /home/lrbabe/.aptana/plugins/org.jruby_1.1.0.5965_RC2p2/lib/ruby/gems/1.8/gems/mongrel-1.1.2-java/bin/../lib/mongrel/rails.rb:76:in `process'
    /home/lrbabe/.aptana/plugins/org.jruby_1.1.0.5965_RC2p2/lib/ruby/gems/1.8/gems/mongrel-1.1.2-java/bin/../lib/mongrel/rails.rb:74:in `synchronize'
    /home/lrbabe/.aptana/plugins/org.jruby_1.1.0.5965_RC2p2/lib/ruby/gems/1.8/gems/mongrel-1.1.2-java/bin/../lib/mongrel/rails.rb:74:in `process'
    /home/lrbabe/.aptana/plugins/org.jruby_1.1.0.5965_RC2p2/lib/ruby/gems/1.8/gems/mongrel-1.1.2-java/bin/../lib/mongrel/rails.rb:74:in `process_client'
    /home/lrbabe/.aptana/plugins/org.jruby_1.1.0.5965_RC2p2/lib/ruby/gems/1.8/gems/mongrel-1.1.2-java/lib/mongrel.rb:158:in `each'
    /home/lrbabe/.aptana/plugins/org.jruby_1.1.0.5965_RC2p2/lib/ruby/gems/1.8/gems/mongrel-1.1.2-java/lib/mongrel.rb:158:in `process_client'
    /home/lrbabe/.aptana/plugins/org.jruby_1.1.0.5965_RC2p2/lib/ruby/gems/1.8/gems/mongrel-1.1.2-java/lib/mongrel.rb:158:in `run'
    /home/lrbabe/.aptana/plugins/org.jruby_1.1.0.5965_RC2p2/lib/ruby/gems/1.8/gems/mongrel-1.1.2-java/lib/mongrel.rb:285:in `initialize'

Rendering /home/lrbabe/.aptana/plugins/org.jruby_1.1.0.5965_RC2p2/lib/ruby/gems/1.8/gems/actionpack-2.0.2/lib/action_controller/templates/rescues/layout.erb (internal_server_error)


Processing UsersController#index (for 127.0.0.1 at 2008-04-16 10:40:29) [GET]
  Session ID: BAh7BiIKZmxhc2hJQzonQWN0aW9uQ29udHJvbGxlcjo6Rmxhc2g6OkZsYXNo%0ASGFzaHsABjoKQHVzZWR7AA%3D%3D--b2b3adb042bf2084fe7684c4715ad41964f60dfe
  Parameters: {"controller"=>"users", "action"=>"index"}
  [4;36;1mUser Load (0.050127)[0m   [0;1mSELECT * FROM users [0m
Rendering template within layouts/users
Rendering users/index
Completed in 0.10838 (9 reqs/sec) | Rendering: 0.02856 (26%) | DB: 0.05013 (46%) | 200 OK [http://localhost/users]


Processing UsersController#new (for 127.0.0.1 at 2008-04-16 10:40:31) [GET]
  Session ID: BAh7BiIKZmxhc2hJQzonQWN0aW9uQ29udHJvbGxlcjo6Rmxhc2g6OkZsYXNo%0ASGFzaHsABjoKQHVzZWR7AA%3D%3D--b2b3adb042bf2084fe7684c4715ad41964f60dfe
  Parameters: {"controller"=>"users", "action"=>"new"}
Rendering template within layouts/users
Rendering users/new
Completed in 0.27885 (3 reqs/sec) | Rendering: 0.12976 (46%) | DB: 0.00000 (0%) | 200 OK [http://localhost/users/new]


Processing UsersController#create (for 127.0.0.1 at 2008-04-16 10:40:52) [POST]
  Session ID: BAh7ByIKZmxhc2hJQzonQWN0aW9uQ29udHJvbGxlcjo6Rmxhc2g6OkZsYXNo%0ASGFzaHsABjoKQHVzZWR7ADoMY3NyZl9pZCIlNzhmNmNkYzYwMzYyZGJmOGFk%0AZTUxOWQ1N2QyZTllYmY%3D--2137225e3abfe1278f4f7895dced998bc765675c
  Parameters: {"authenticity_token"=>"fd869535674fd67ce5cbd1b181a0d7d1195747a2", "user"=>{"firstname"=>"Zob", "lastname"=>"zoby"}, "commit"=>"Create", "controller"=>"users", "action"=>"create"}
  [4;35;1mSQL (0.023902)[0m   [0mINSERT INTO users (created_at, firstname, lastname, updated_at) VALUES('2008-04-16 10:40:53', 'Zob', 'zoby', '2008-04-16 10:40:53')[0m
Redirected to http://localhost:3000/users/1
Completed in 0.09083 (11 reqs/sec) | DB: 0.02390 (26%) | 302 Found [http://localhost/users]


Processing UsersController#show (for 127.0.0.1 at 2008-04-16 10:40:53) [GET]
  Session ID: BAh7ByIKZmxhc2hJQzonQWN0aW9uQ29udHJvbGxlcjo6Rmxhc2g6OkZsYXNo%0ASGFzaHsGOgtub3RpY2UiI1VzZXIgd2FzIHN1Y2Nlc3NmdWxseSBjcmVhdGVk%0ALgY6CkB1c2VkewY7BlQ6DGNzcmZfaWQiJTc4ZjZjZGM2MDM2MmRiZjhhZGU1%0AMTlkNTdkMmU5ZWJm--b8673fda639881e8d401d7918063d328a85b8a57
  Parameters: {"controller"=>"users", "action"=>"show", "id"=>"1"}
  [4;36;1mUser Load (0.009594)[0m   [0;1mSELECT * FROM users WHERE (users.id = 1) [0m
Rendering template within layouts/users
Rendering users/show
Completed in 0.09496 (10 reqs/sec) | Rendering: 0.02046 (21%) | DB: 0.00959 (10%) | 200 OK [http://localhost/users/1]
